  CSound.cpp
C:\Users\Jaehyeon\Desktop\GITHUB\Win32API\WinProj\WinApiLecture\Client\CSound.cpp(1,1): warning C4819: 현재 코드 페이지(949)에서 표시할 수 없는 문자가 파일에 들어 있습니다. 데이터가 손실되지 않게 하려면 해당 파일을 유니코드 형식으로 저장하십시오.
C:\Users\Jaehyeon\Desktop\GITHUB\Win32API\WinProj\WinApiLecture\Client\define.h(1,1): warning C4819: 현재 코드 페이지(949)에서 표시할 수 없는 문자가 파일에 들어 있습니다. 데이터가 손실되지 않게 하려면 해당 파일을 유니코드 형식으로 저장하십시오.
  (소스 파일 'CSound.cpp'을(를) 컴파일하는 중)
  
C:\Users\Jaehyeon\Desktop\GITHUB\Win32API\WinProj\WinApiLecture\Client\CSound.h(1,1): warning C4819: 현재 코드 페이지(949)에서 표시할 수 없는 문자가 파일에 들어 있습니다. 데이터가 손실되지 않게 하려면 해당 파일을 유니코드 형식으로 저장하십시오.
  (소스 파일 'CSound.cpp'을(를) 컴파일하는 중)
  
C:\Users\Jaehyeon\Desktop\GITHUB\Win32API\WinProj\WinApiLecture\Client\CRes.h(1,1): warning C4819: 현재 코드 페이지(949)에서 표시할 수 없는 문자가 파일에 들어 있습니다. 데이터가 손실되지 않게 하려면 해당 파일을 유니코드 형식으로 저장하십시오.
  (소스 파일 'CSound.cpp'을(를) 컴파일하는 중)
  
C:\Users\Jaehyeon\Desktop\GITHUB\Win32API\WinProj\WinApiLecture\Client\CSoundMgr.h(1,1): warning C4819: 현재 코드 페이지(949)에서 표시할 수 없는 문자가 파일에 들어 있습니다. 데이터가 손실되지 않게 하려면 해당 파일을 유니코드 형식으로 저장하십시오.
  (소스 파일 'CSound.cpp'을(를) 컴파일하는 중)
  
  C:\Program Files (x86)\Windows Kits\10\Include\10.0.22621.0\um\dinput.h: DIRECTINPUT_VERSION undefined. Defaulting to version 0x0800
  CSoundMgr.cpp
C:\Users\Jaehyeon\Desktop\GITHUB\Win32API\WinProj\WinApiLecture\Client\CSoundMgr.cpp(1,1): warning C4819: 현재 코드 페이지(949)에서 표시할 수 없는 문자가 파일에 들어 있습니다. 데이터가 손실되지 않게 하려면 해당 파일을 유니코드 형식으로 저장하십시오.
C:\Users\Jaehyeon\Desktop\GITHUB\Win32API\WinProj\WinApiLecture\Client\define.h(1,1): warning C4819: 현재 코드 페이지(949)에서 표시할 수 없는 문자가 파일에 들어 있습니다. 데이터가 손실되지 않게 하려면 해당 파일을 유니코드 형식으로 저장하십시오.
  (소스 파일 'CSoundMgr.cpp'을(를) 컴파일하는 중)
  
C:\Users\Jaehyeon\Desktop\GITHUB\Win32API\WinProj\WinApiLecture\Client\CSoundMgr.h(1,1): warning C4819: 현재 코드 페이지(949)에서 표시할 수 없는 문자가 파일에 들어 있습니다. 데이터가 손실되지 않게 하려면 해당 파일을 유니코드 형식으로 저장하십시오.
  (소스 파일 'CSoundMgr.cpp'을(를) 컴파일하는 중)
  
  C:\Program Files (x86)\Windows Kits\10\Include\10.0.22621.0\um\dinput.h: DIRECTINPUT_VERSION undefined. Defaulting to version 0x0800
C:\Users\Jaehyeon\Desktop\GITHUB\Win32API\WinProj\WinApiLecture\Client\CSound.h(1,1): warning C4819: 현재 코드 페이지(949)에서 표시할 수 없는 문자가 파일에 들어 있습니다. 데이터가 손실되지 않게 하려면 해당 파일을 유니코드 형식으로 저장하십시오.
  (소스 파일 'CSoundMgr.cpp'을(를) 컴파일하는 중)
  
C:\Users\Jaehyeon\Desktop\GITHUB\Win32API\WinProj\WinApiLecture\Client\CRes.h(1,1): warning C4819: 현재 코드 페이지(949)에서 표시할 수 없는 문자가 파일에 들어 있습니다. 데이터가 손실되지 않게 하려면 해당 파일을 유니코드 형식으로 저장하십시오.
  (소스 파일 'CSoundMgr.cpp'을(를) 컴파일하는 중)
  
C:\Users\Jaehyeon\Desktop\GITHUB\Win32API\WinProj\WinApiLecture\Client\CCore.h(1,1): warning C4819: 현재 코드 페이지(949)에서 표시할 수 없는 문자가 파일에 들어 있습니다. 데이터가 손실되지 않게 하려면 해당 파일을 유니코드 형식으로 저장하십시오.
  (소스 파일 'CSoundMgr.cpp'을(를) 컴파일하는 중)
  
  Client.vcxproj -> C:\Users\Jaehyeon\Desktop\GITHUB\Win32API\WinProj\WinApiLecture\Output\bin_debug\Client.exe
  'pwsh.exe'은(는) 내부 또는 외부 명령, 실행할 수 있는 프로그램, 또는
  배치 파일이 아닙니다.
