c:\users\jaehyeon\desktop\github\win32api\winproj\winapilecture\client\x64\release\vc143.pdb
c:\users\jaehyeon\desktop\github\win32api\winproj\winapilecture\client\x64\release\main.obj
c:\users\jaehyeon\desktop\github\win32api\winproj\winapilecture\client\x64\release\ctimemgr.obj
c:\users\jaehyeon\desktop\github\win32api\winproj\winapilecture\client\x64\release\cobject.obj
c:\users\jaehyeon\desktop\github\win32api\winproj\winapilecture\client\x64\release\ckeymgr.obj
c:\users\jaehyeon\desktop\github\win32api\winproj\winapilecture\client\x64\release\ccore.obj
c:\users\jaehyeon\desktop\github\win32api\winproj\winapilecture\x64\release\client.exe
c:\users\jaehyeon\desktop\github\win32api\winproj\winapilecture\x64\release\client.pdb
c:\users\jaehyeon\desktop\github\win32api\winproj\winapilecture\client\x64\release\client.res
c:\users\jaehyeon\desktop\github\win32api\winproj\winapilecture\client\x64\release\client.ipdb
c:\users\jaehyeon\desktop\github\win32api\winproj\winapilecture\client\x64\release\client.iobj
c:\users\jaehyeon\desktop\github\win32api\winproj\winapilecture\client\x64\release\client.tlog\cl.command.1.tlog
c:\users\jaehyeon\desktop\github\win32api\winproj\winapilecture\client\x64\release\client.tlog\cl.items.tlog
c:\users\jaehyeon\desktop\github\win32api\winproj\winapilecture\client\x64\release\client.tlog\cl.read.1.tlog
c:\users\jaehyeon\desktop\github\win32api\winproj\winapilecture\client\x64\release\client.tlog\cl.write.1.tlog
c:\users\jaehyeon\desktop\github\win32api\winproj\winapilecture\client\x64\release\client.tlog\link.command.1.tlog
c:\users\jaehyeon\desktop\github\win32api\winproj\winapilecture\client\x64\release\client.tlog\link.read.1.tlog
c:\users\jaehyeon\desktop\github\win32api\winproj\winapilecture\client\x64\release\client.tlog\link.secondary.1.tlog
c:\users\jaehyeon\desktop\github\win32api\winproj\winapilecture\client\x64\release\client.tlog\link.write.1.tlog
c:\users\jaehyeon\desktop\github\win32api\winproj\winapilecture\client\x64\release\client.tlog\rc.command.1.tlog
c:\users\jaehyeon\desktop\github\win32api\winproj\winapilecture\client\x64\release\client.tlog\rc.read.1.tlog
c:\users\jaehyeon\desktop\github\win32api\winproj\winapilecture\client\x64\release\client.tlog\rc.write.1.tlog
