  CMissile.cpp
C:\Users\Jaehyeon\Desktop\GITHUB\Win32API\WinProj\WinApiLecture\Client\pch.h(1,1): warning C4819: The file contains a character that cannot be represented in the current code page (949). Save the file in Unicode format to prevent data loss
  (compiling source file 'CMissile.cpp')
  
C:\Users\Jaehyeon\Desktop\GITHUB\Win32API\WinProj\WinApiLecture\Client\CMissile.h(1,1): warning C4819: The file contains a character that cannot be represented in the current code page (949). Save the file in Unicode format to prevent data loss
  (compiling source file 'CMissile.cpp')
  
  CObject.cpp
C:\Users\Jaehyeon\Desktop\GITHUB\Win32API\WinProj\WinApiLecture\Client\pch.h(1,1): warning C4819: The file contains a character that cannot be represented in the current code page (949). Save the file in Unicode format to prevent data loss
  (compiling source file 'CObject.cpp')
  
  CPlayer.cpp
C:\Users\Jaehyeon\Desktop\GITHUB\Win32API\WinProj\WinApiLecture\Client\pch.h(1,1): warning C4819: The file contains a character that cannot be represented in the current code page (949). Save the file in Unicode format to prevent data loss
  (compiling source file 'CPlayer.cpp')
  
C:\Users\Jaehyeon\Desktop\GITHUB\Win32API\WinProj\WinApiLecture\Client\CSceneMgr.h(1,1): warning C4819: The file contains a character that cannot be represented in the current code page (949). Save the file in Unicode format to prevent data loss
  (compiling source file 'CPlayer.cpp')
  
C:\Users\Jaehyeon\Desktop\GITHUB\Win32API\WinProj\WinApiLecture\Client\CScene.h(1,1): warning C4819: The file contains a character that cannot be represented in the current code page (949). Save the file in Unicode format to prevent data loss
  (compiling source file 'CPlayer.cpp')
  
C:\Users\Jaehyeon\Desktop\GITHUB\Win32API\WinProj\WinApiLecture\Client\CKeyMgr.h(1,1): warning C4819: The file contains a character that cannot be represented in the current code page (949). Save the file in Unicode format to prevent data loss
  (compiling source file 'CPlayer.cpp')
  
C:\Users\Jaehyeon\Desktop\GITHUB\Win32API\WinProj\WinApiLecture\Client\CMissile.h(1,1): warning C4819: The file contains a character that cannot be represented in the current code page (949). Save the file in Unicode format to prevent data loss
  (compiling source file 'CPlayer.cpp')
  
  CScene_Start.cpp
C:\Users\Jaehyeon\Desktop\GITHUB\Win32API\WinProj\WinApiLecture\Client\CScene_Start.cpp(1,1): warning C4819: The file contains a character that cannot be represented in the current code page (949). Save the file in Unicode format to prevent data loss
C:\Users\Jaehyeon\Desktop\GITHUB\Win32API\WinProj\WinApiLecture\Client\pch.h(1,1): warning C4819: The file contains a character that cannot be represented in the current code page (949). Save the file in Unicode format to prevent data loss
  (compiling source file 'CScene_Start.cpp')
  
C:\Users\Jaehyeon\Desktop\GITHUB\Win32API\WinProj\WinApiLecture\Client\CScene.h(1,1): warning C4819: The file contains a character that cannot be represented in the current code page (949). Save the file in Unicode format to prevent data loss
  (compiling source file 'CScene_Start.cpp')
  
C:\Users\Jaehyeon\Desktop\GITHUB\Win32API\WinProj\WinApiLecture\Client\CMonster.h(1,1): warning C4819: The file contains a character that cannot be represented in the current code page (949). Save the file in Unicode format to prevent data loss
  (compiling source file 'CScene_Start.cpp')
  
C:\Users\Jaehyeon\Desktop\GITHUB\Win32API\WinProj\WinApiLecture\Client\CCore.h(1,1): warning C4819: The file contains a character that cannot be represented in the current code page (949). Save the file in Unicode format to prevent data loss
  (compiling source file 'CScene_Start.cpp')
  
  Generating code
  9 of 246 functions ( 3.7%) were compiled, the rest were copied from previous compilation.
    1 functions were new in current compilation
    2 functions had inline decision re-evaluated but remain unchanged
  Finished generating code
  Client.vcxproj -> C:\Users\Jaehyeon\Desktop\GITHUB\Win32API\WinProj\WinApiLecture\x64\Release\Client.exe
  'pwsh.exe'은(는) 내부 또는 외부 명령, 실행할 수 있는 프로그램, 또는
  배치 파일이 아닙니다.
